<?xml version="1.0" encoding="UTF-8"?>
<!-- Generated by org.testng.reporters.JUnitReportReporter -->
<testsuite name="Employer.EmployeeRegistration" tests="7" time="67.848" ignored="0" failures="0" timestamp="10 Feb 2017 11:44:20 GMT" skipped="0" hostname="aravind" errors="0">
  <testcase name="employerRegistrationpageNavigation" time="17.099" classname="Employer.EmployeeRegistration"/>
  <testcase name="getpagetitle" time="8.717" classname="Employer.EmployeeRegistration"/>
  <testcase name="login" time="25.301" classname="Employer.EmployeeRegistration"/>
  <testcase name="navigatebackafterRegistration" time="5.014" classname="Employer.EmployeeRegistration"/>
  <testcase name="logout" time="5.047" classname="Employer.EmployeeRegistration"/>
  <testcase name="verifyPagetitle" time="0.575" classname="Employer.EmployeeRegistration"/>
  <testcase name="employerRegistration" time="6.095" classname="Employer.EmployeeRegistration"/>
</testsuite> <!-- Employer.EmployeeRegistration -->
