<?xml version="1.0" encoding="UTF-8"?>
<!-- Generated by org.testng.reporters.JUnitReportReporter -->
<testsuite name="Employer.Coordinates" tests="1" time="33.705" ignored="0" failures="0" timestamp="10 Feb 2017 06:19:50 GMT" skipped="0" hostname="aravind" errors="0">
  <testcase name="getCoordinates" time="33.705" classname="Employer.Coordinates"/>
</testsuite> <!-- Employer.Coordinates -->
