<?xml version="1.0" encoding="UTF-8"?>
<!-- Generated by org.testng.reporters.JUnitReportReporter -->
<testsuite name="Employer.SalaryType" tests="1" time="40.772" ignored="0" failures="0" timestamp="10 Feb 2017 09:58:43 GMT" skipped="0" hostname="aravind" errors="0">
  <testcase name="loginwithNewlyRegistereduser" time="40.772" classname="Employer.SalaryType"/>
</testsuite> <!-- Employer.SalaryType -->
