<?xml version="1.0" encoding="UTF-8"?>
<!-- Generated by org.testng.reporters.JUnitReportReporter -->
<testsuite name="Employer.AddAnotherProfile" tests="1" time="37.923" ignored="0" failures="0" timestamp="10 Feb 2017 11:44:20 GMT" skipped="0" hostname="aravind" errors="0">
  <testcase name="addnewProfileInPracticeProfileScreen" time="37.923" classname="Employer.AddAnotherProfile"/>
</testsuite> <!-- Employer.AddAnotherProfile -->
