<?xml version="1.0" encoding="UTF-8"?>
<!-- Generated by org.testng.reporters.JUnitReportReporter -->
<testsuite name="Employer.LogincheckwithRegistereduser" tests="1" time="33.461" ignored="0" failures="0" timestamp="10 Feb 2017 11:44:20 GMT" skipped="0" hostname="aravind" errors="0">
  <testcase name="loginwithNewlyRegistereduser" time="33.461" classname="Employer.LogincheckwithRegistereduser"/>
</testsuite> <!-- Employer.LogincheckwithRegistereduser -->
