<?xml version="1.0" encoding="UTF-8"?>
<!-- Generated by org.testng.reporters.JUnitReportReporter -->
<testsuite name="Employer.PostaJob" tests="3" time="149.714" ignored="0" failures="0" timestamp="10 Feb 2017 11:44:20 GMT" skipped="0" hostname="aravind" errors="0">
  <testcase name="EnteringDetailsInPostJobScreen" time="121.279" classname="Employer.PostaJob"/>
  <testcase name="logintoPostaJob" time="23.381" classname="Employer.PostaJob"/>
  <testcase name="NavigationToPostJob" time="5.054" classname="Employer.PostaJob"/>
</testsuite> <!-- Employer.PostaJob -->
